<?xml version="1.0" encoding="UTF-8"?>
<testng-results ignored="0" total="1" passed="1" failed="0" skipped="0">
  <reporter-output>
  </reporter-output>
  <suite started-at="2025-02-19T23:25:06 IST" name="Surefire suite" finished-at="2025-02-19T23:25:59 IST" duration-ms="52867">
    <groups>
    </groups>
    <test started-at="2025-02-19T23:25:06 IST" name="Surefire test" finished-at="2025-02-19T23:25:59 IST" duration-ms="52867">
      <class name="test_script.BaseTest">
        <test-method signature="ts1()[pri:0, instance:test_script.BaseTest@d83da2e]" started-at="2025-02-19T23:25:06 IST" name="ts1" finished-at="2025-02-19T23:25:59 IST" duration-ms="52853" status="PASS">
          <reporter-output>
          </reporter-output>
        </test-method> <!-- ts1 -->
      </class> <!-- test_script.BaseTest -->
    </test> <!-- Surefire test -->
  </suite> <!-- Surefire suite -->
</testng-results>
